----Set UP----
----Binding----
----CreateSocket----
----ELM Setting----
----ENGINE_LOAD Query----
----Query Error----
The value by ENGINE_LOAD was not returned
----ENGINE_COOLANT_TEMP Query----
ENGINE_COOLANT_TEMP : 87 °C
----ENGINE_SPEED Query----
ENGINE_SPEED : 933.5 RPM
----VEHICLE_SPEED Query----
VEHICLE_SPEED : 0 km/h
----INTAKE_AIR_TEMP Query----
INTAKE_AIR_TEMP : 43 °C
----RUN_TIME_SINCE_ENGINE_START Query----
RUN_TIME_SINCE_ENGINE_START : 18 seconds
----ENGINE_LOAD Query----
ENGINE_LOAD : 32.549019607843135 %
----ENGINE_COOLANT_TEMP Query----
ENGINE_COOLANT_TEMP : 87 °C
----ENGINE_SPEED Query----
ENGINE_SPEED : 922.0 RPM
----VEHICLE_SPEED Query----
VEHICLE_SPEED : 0 km/h
----INTAKE_AIR_TEMP Query----
INTAKE_AIR_TEMP : 43 °C
----RUN_TIME_SINCE_ENGINE_START Query----
RUN_TIME_SINCE_ENGINE_START : 18 seconds
----ENGINE_LOAD Query----
ENGINE_LOAD : 32.94117647058823 %
----ENGINE_COOLANT_TEMP Query----
ENGINE_COOLANT_TEMP : 87 °C
----ENGINE_SPEED Query----
ENGINE_SPEED : 922.0 RPM
----VEHICLE_SPEED Query----
VEHICLE_SPEED : 0 km/h
----INTAKE_AIR_TEMP Query----
INTAKE_AIR_TEMP : 43 °C
----RUN_TIME_SINCE_ENGINE_START Query----
RUN_TIME_SINCE_ENGINE_START : 19 seconds
----ENGINE_LOAD Query----
ENGINE_LOAD : 32.549019607843135 %
----ENGINE_COOLANT_TEMP Query----
ENGINE_COOLANT_TEMP : 87 °C
----ENGINE_SPEED Query----
ENGINE_SPEED : 925.75 RPM
----VEHICLE_SPEED Query----
VEHICLE_SPEED : 0 km/h
----INTAKE_AIR_TEMP Query----
INTAKE_AIR_TEMP : 43 °C
----RUN_TIME_SINCE_ENGINE_START Query----
RUN_TIME_SINCE_ENGINE_START : 19 seconds
----ENGINE_LOAD Query----
ENGINE_LOAD : 32.549019607843135 %
----ENGINE_COOLANT_TEMP Query----
ENGINE_COOLANT_TEMP : 87 °C
----ENGINE_SPEED Query----
ENGINE_SPEED : 914.0 RPM
----VEHICLE_SPEED Query----
VEHICLE_SPEED : 0 km/h
----INTAKE_AIR_TEMP Query----
INTAKE_AIR_TEMP : 43 °C
----RUN_TIME_SINCE_ENGINE_START Query----
RUN_TIME_SINCE_ENGINE_START : 19 seconds
----ENGINE_LOAD Query----
ENGINE_LOAD : 32.94117647058823 %
----ENGINE_COOLANT_TEMP Query----
ENGINE_COOLANT_TEMP : 87 °C
----ENGINE_SPEED Query----
ENGINE_SPEED : 910.25 RPM
----VEHICLE_SPEED Query----
VEHICLE_SPEED : 0 km/h
----INTAKE_AIR_TEMP Query----
INTAKE_AIR_TEMP : 43 °C
----RUN_TIME_SINCE_ENGINE_START Query----
RUN_TIME_SINCE_ENGINE_START : 20 seconds
----ENGINE_LOAD Query----
ENGINE_LOAD : 32.94117647058823 %
----ENGINE_COOLANT_TEMP Query----
ENGINE_COOLANT_TEMP : 87 °C
----ENGINE_SPEED Query----
ENGINE_SPEED : 910.25 RPM
----VEHICLE_SPEED Query----
VEHICLE_SPEED : 0 km/h
----INTAKE_AIR_TEMP Query----
INTAKE_AIR_TEMP : 43 °C
----RUN_TIME_SINCE_ENGINE_START Query----
RUN_TIME_SINCE_ENGINE_START : 20 seconds
----ENGINE_LOAD Query----
ENGINE_LOAD : 32.94117647058823 %
----ENGINE_COOLANT_TEMP Query----
ENGINE_COOLANT_TEMP : 87 °C
----ENGINE_SPEED Query----
ENGINE_SPEED : 914.0 RPM
----VEHICLE_SPEED Query----
VEHICLE_SPEED : 0 km/h
----INTAKE_AIR_TEMP Query----
INTAKE_AIR_TEMP : 43 °C
----RUN_TIME_SINCE_ENGINE_START Query----
RUN_TIME_SINCE_ENGINE_START : 21 seconds
----ENGINE_LOAD Query----
ENGINE_LOAD : 32.94117647058823 %
----ENGINE_COOLANT_TEMP Query----
ENGINE_COOLANT_TEMP : 87 °C
----ENGINE_SPEED Query----
ENGINE_SPEED : 910.25 RPM
----VEHICLE_SPEED Query----
VEHICLE_SPEED : 0 km/h
----INTAKE_AIR_TEMP Query----
INTAKE_AIR_TEMP : 43 °C
----RUN_TIME_SINCE_ENGINE_START Query----
RUN_TIME_SINCE_ENGINE_START : 21 seconds
----ENGINE_LOAD Query----
ENGINE_LOAD : 34.509803921568626 %
----ENGINE_COOLANT_TEMP Query----
ENGINE_COOLANT_TEMP : 87 °C
----ENGINE_SPEED Query----
ENGINE_SPEED : 941.5 RPM
----VEHICLE_SPEED Query----
VEHICLE_SPEED : 0 km/h
----INTAKE_AIR_TEMP Query----
INTAKE_AIR_TEMP : 43 °C
----RUN_TIME_SINCE_ENGINE_START Query----
RUN_TIME_SINCE_ENGINE_START : 21 seconds
----ENGINE_LOAD Query----
ENGINE_LOAD : 32.549019607843135 %
----ENGINE_COOLANT_TEMP Query----
ENGINE_COOLANT_TEMP : 87 °C
----ENGINE_SPEED Query----
ENGINE_SPEED : 972.75 RPM
----VEHICLE_SPEED Query----
VEHICLE_SPEED : 0 km/h
----INTAKE_AIR_TEMP Query----
INTAKE_AIR_TEMP : 43 °C
----RUN_TIME_SINCE_ENGINE_START Query----
RUN_TIME_SINCE_ENGINE_START : 22 seconds
----ENGINE_LOAD Query----
ENGINE_LOAD : 31.764705882352942 %
----ENGINE_COOLANT_TEMP Query----
ENGINE_COOLANT_TEMP : 87 °C
----ENGINE_SPEED Query----
ENGINE_SPEED : 918.0 RPM
----VEHICLE_SPEED Query----
VEHICLE_SPEED : 0 km/h
----INTAKE_AIR_TEMP Query----
INTAKE_AIR_TEMP : 43 °C
----RUN_TIME_SINCE_ENGINE_START Query----
RUN_TIME_SINCE_ENGINE_START : 22 seconds
----ENGINE_LOAD Query----
ENGINE_LOAD : 35.294117647058826 %
----ENGINE_COOLANT_TEMP Query----
ENGINE_COOLANT_TEMP : 87 °C
----ENGINE_SPEED Query----
ENGINE_SPEED : 902.25 RPM
----VEHICLE_SPEED Query----
VEHICLE_SPEED : 0 km/h
----INTAKE_AIR_TEMP Query----
INTAKE_AIR_TEMP : 43 °C
----RUN_TIME_SINCE_ENGINE_START Query----
RUN_TIME_SINCE_ENGINE_START : 22 seconds
----ENGINE_LOAD Query----
ENGINE_LOAD : 44.31372549019608 %
----ENGINE_COOLANT_TEMP Query----
ENGINE_COOLANT_TEMP : 87 °C
----ENGINE_SPEED Query----
ENGINE_SPEED : 1199.25 RPM
----VEHICLE_SPEED Query----
VEHICLE_SPEED : 0 km/h
----INTAKE_AIR_TEMP Query----
INTAKE_AIR_TEMP : 43 °C
----RUN_TIME_SINCE_ENGINE_START Query----
RUN_TIME_SINCE_ENGINE_START : 23 seconds
----ENGINE_LOAD Query----
ENGINE_LOAD : 47.450980392156865 %
----ENGINE_COOLANT_TEMP Query----
ENGINE_COOLANT_TEMP : 87 °C
----ENGINE_SPEED Query----
ENGINE_SPEED : 1554.75 RPM
----VEHICLE_SPEED Query----
VEHICLE_SPEED : 3 km/h
----INTAKE_AIR_TEMP Query----
INTAKE_AIR_TEMP : 43 °C
----RUN_TIME_SINCE_ENGINE_START Query----
RUN_TIME_SINCE_ENGINE_START : 23 seconds
----ENGINE_LOAD Query----
ENGINE_LOAD : 40.78431372549019 %
----ENGINE_COOLANT_TEMP Query----
ENGINE_COOLANT_TEMP : 88 °C
----ENGINE_SPEED Query----
ENGINE_SPEED : 1539.0 RPM
----VEHICLE_SPEED Query----
VEHICLE_SPEED : 4 km/h
----INTAKE_AIR_TEMP Query----
INTAKE_AIR_TEMP : 43 °C
----RUN_TIME_SINCE_ENGINE_START Query----
RUN_TIME_SINCE_ENGINE_START : 23 seconds
----ENGINE_LOAD Query----
ENGINE_LOAD : 38.8235294117647 %
----ENGINE_COOLANT_TEMP Query----
ENGINE_COOLANT_TEMP : 88 °C
----ENGINE_SPEED Query----
ENGINE_SPEED : 1461.0 RPM
----VEHICLE_SPEED Query----
VEHICLE_SPEED : 5 km/h
----INTAKE_AIR_TEMP Query----
INTAKE_AIR_TEMP : 43 °C
----RUN_TIME_SINCE_ENGINE_START Query----
RUN_TIME_SINCE_ENGINE_START : 24 seconds
----ENGINE_LOAD Query----
ENGINE_LOAD : 32.94117647058823 %
----ENGINE_COOLANT_TEMP Query----
ENGINE_COOLANT_TEMP : 88 °C
----ENGINE_SPEED Query----
ENGINE_SPEED : 1386.75 RPM
----VEHICLE_SPEED Query----
VEHICLE_SPEED : 5 km/h
----INTAKE_AIR_TEMP Query----
INTAKE_AIR_TEMP : 43 °C
----RUN_TIME_SINCE_ENGINE_START Query----
RUN_TIME_SINCE_ENGINE_START : 24 seconds
----ENGINE_LOAD Query----
ENGINE_LOAD : 34.11764705882353 %
----ENGINE_COOLANT_TEMP Query----
ENGINE_COOLANT_TEMP : 88 °C
----ENGINE_SPEED Query----
ENGINE_SPEED : 1351.5 RPM
----VEHICLE_SPEED Query----
VEHICLE_SPEED : 6 km/h
----INTAKE_AIR_TEMP Query----
INTAKE_AIR_TEMP : 43 °C
----RUN_TIME_SINCE_ENGINE_START Query----
RUN_TIME_SINCE_ENGINE_START : 24 seconds
----ENGINE_LOAD Query----
ENGINE_LOAD : 33.333333333333336 %
----ENGINE_COOLANT_TEMP Query----
ENGINE_COOLANT_TEMP : 88 °C
----ENGINE_SPEED Query----
ENGINE_SPEED : 1363.25 RPM
----VEHICLE_SPEED Query----
VEHICLE_SPEED : 6 km/h
----INTAKE_AIR_TEMP Query----
INTAKE_AIR_TEMP : 43 °C
----RUN_TIME_SINCE_ENGINE_START Query----
RUN_TIME_SINCE_ENGINE_START : 25 seconds
----ENGINE_LOAD Query----
ENGINE_LOAD : 27.058823529411764 %
----ENGINE_COOLANT_TEMP Query----
ENGINE_COOLANT_TEMP : 88 °C
----ENGINE_SPEED Query----
ENGINE_SPEED : 1246.0 RPM
----VEHICLE_SPEED Query----
VEHICLE_SPEED : 6 km/h
----INTAKE_AIR_TEMP Query----
INTAKE_AIR_TEMP : 43 °C
----RUN_TIME_SINCE_ENGINE_START Query----
RUN_TIME_SINCE_ENGINE_START : 25 seconds
----ENGINE_LOAD Query----
ENGINE_LOAD : 25.88235294117647 %
----ENGINE_COOLANT_TEMP Query----
ENGINE_COOLANT_TEMP : 88 °C
----ENGINE_SPEED Query----
ENGINE_SPEED : 1132.75 RPM
----VEHICLE_SPEED Query----
VEHICLE_SPEED : 6 km/h
----INTAKE_AIR_TEMP Query----
INTAKE_AIR_TEMP : 43 °C
----RUN_TIME_SINCE_ENGINE_START Query----
RUN_TIME_SINCE_ENGINE_START : 25 seconds
----ENGINE_LOAD Query----
ENGINE_LOAD : 28.235294117647058 %
----ENGINE_COOLANT_TEMP Query----
ENGINE_COOLANT_TEMP : 88 °C
----ENGINE_SPEED Query----
ENGINE_SPEED : 1039.0 RPM
----VEHICLE_SPEED Query----
VEHICLE_SPEED : 5 km/h
----INTAKE_AIR_TEMP Query----
INTAKE_AIR_TEMP : 43 °C
----RUN_TIME_SINCE_ENGINE_START Query----
RUN_TIME_SINCE_ENGINE_START : 26 seconds
----ENGINE_LOAD Query----
ENGINE_LOAD : 30.19607843137255 %
----ENGINE_COOLANT_TEMP Query----
ENGINE_COOLANT_TEMP : 88 °C
----ENGINE_SPEED Query----
ENGINE_SPEED : 1023.5 RPM
----VEHICLE_SPEED Query----
VEHICLE_SPEED : 4 km/h
----INTAKE_AIR_TEMP Query----
INTAKE_AIR_TEMP : 43 °C
----RUN_TIME_SINCE_ENGINE_START Query----
RUN_TIME_SINCE_ENGINE_START : 26 seconds
----ENGINE_LOAD Query----
ENGINE_LOAD : 34.509803921568626 %
----ENGINE_COOLANT_TEMP Query----
ENGINE_COOLANT_TEMP : 88 °C
----ENGINE_SPEED Query----
ENGINE_SPEED : 882.75 RPM
----VEHICLE_SPEED Query----
VEHICLE_SPEED : 4 km/h
----INTAKE_AIR_TEMP Query----
INTAKE_AIR_TEMP : 43 °C
----RUN_TIME_SINCE_ENGINE_START Query----
RUN_TIME_SINCE_ENGINE_START : 26 seconds
----ENGINE_LOAD Query----
ENGINE_LOAD : 40.78431372549019 %
----ENGINE_COOLANT_TEMP Query----
ENGINE_COOLANT_TEMP : 88 °C
----ENGINE_SPEED Query----
ENGINE_SPEED : 875.0 RPM
----VEHICLE_SPEED Query----
VEHICLE_SPEED : 3 km/h
----INTAKE_AIR_TEMP Query----
INTAKE_AIR_TEMP : 43 °C
----RUN_TIME_SINCE_ENGINE_START Query----
RUN_TIME_SINCE_ENGINE_START : 27 seconds
----ENGINE_LOAD Query----
ENGINE_LOAD : 41.96078431372549 %
----ENGINE_COOLANT_TEMP Query----
ENGINE_COOLANT_TEMP : 88 °C
----ENGINE_SPEED Query----
ENGINE_SPEED : 906.25 RPM
----VEHICLE_SPEED Query----
VEHICLE_SPEED : 3 km/h
----INTAKE_AIR_TEMP Query----
INTAKE_AIR_TEMP : 43 °C
----RUN_TIME_SINCE_ENGINE_START Query----
RUN_TIME_SINCE_ENGINE_START : 27 seconds
----ENGINE_LOAD Query----
ENGINE_LOAD : 42.745098039215684 %
----ENGINE_COOLANT_TEMP Query----
ENGINE_COOLANT_TEMP : 88 °C
----ENGINE_SPEED Query----
ENGINE_SPEED : 922.0 RPM
----VEHICLE_SPEED Query----
VEHICLE_SPEED : 3 km/h
----INTAKE_AIR_TEMP Query----
INTAKE_AIR_TEMP : 43 °C
----RUN_TIME_SINCE_ENGINE_START Query----
RUN_TIME_SINCE_ENGINE_START : 27 seconds
----ENGINE_LOAD Query----
ENGINE_LOAD : 41.568627450980394 %
----ENGINE_COOLANT_TEMP Query----
ENGINE_COOLANT_TEMP : 88 °C
----ENGINE_SPEED Query----
ENGINE_SPEED : 961.0 RPM
----VEHICLE_SPEED Query----
VEHICLE_SPEED : 0 km/h
----INTAKE_AIR_TEMP Query----
INTAKE_AIR_TEMP : 43 °C
----RUN_TIME_SINCE_ENGINE_START Query----
RUN_TIME_SINCE_ENGINE_START : 28 seconds
----ENGINE_LOAD Query----
ENGINE_LOAD : 46.666666666666664 %
----ENGINE_COOLANT_TEMP Query----
ENGINE_COOLANT_TEMP : 88 °C
----ENGINE_SPEED Query----
ENGINE_SPEED : 1047.0 RPM
----VEHICLE_SPEED Query----
VEHICLE_SPEED : 0 km/h
----INTAKE_AIR_TEMP Query----
INTAKE_AIR_TEMP : 43 °C
----RUN_TIME_SINCE_ENGINE_START Query----
RUN_TIME_SINCE_ENGINE_START : 28 seconds
----ENGINE_LOAD Query----
ENGINE_LOAD : 47.84313725490196 %
----ENGINE_COOLANT_TEMP Query----
ENGINE_COOLANT_TEMP : 88 °C
----ENGINE_SPEED Query----
ENGINE_SPEED : 1058.5 RPM
----VEHICLE_SPEED Query----
VEHICLE_SPEED : 0 km/h
----INTAKE_AIR_TEMP Query----
INTAKE_AIR_TEMP : 43 °C
----RUN_TIME_SINCE_ENGINE_START Query----
RUN_TIME_SINCE_ENGINE_START : 28 seconds
----ENGINE_LOAD Query----
ENGINE_LOAD : 49.80392156862745 %
----ENGINE_COOLANT_TEMP Query----
ENGINE_COOLANT_TEMP : 88 °C
----ENGINE_SPEED Query----
ENGINE_SPEED : 1113.25 RPM
----VEHICLE_SPEED Query----
VEHICLE_SPEED : 0 km/h
----INTAKE_AIR_TEMP Query----
INTAKE_AIR_TEMP : 43 °C
----RUN_TIME_SINCE_ENGINE_START Query----
RUN_TIME_SINCE_ENGINE_START : 29 seconds
----ENGINE_LOAD Query----
ENGINE_LOAD : 50.588235294117645 %
----ENGINE_COOLANT_TEMP Query----
ENGINE_COOLANT_TEMP : 88 °C
----ENGINE_SPEED Query----
ENGINE_SPEED : 1160.25 RPM
----VEHICLE_SPEED Query----
VEHICLE_SPEED : 0 km/h
----INTAKE_AIR_TEMP Query----
INTAKE_AIR_TEMP : 43 °C
----RUN_TIME_SINCE_ENGINE_START Query----
RUN_TIME_SINCE_ENGINE_START : 29 seconds
----ENGINE_LOAD Query----
ENGINE_LOAD : 58.8235294117647 %
----ENGINE_COOLANT_TEMP Query----
ENGINE_COOLANT_TEMP : 88 °C
----ENGINE_SPEED Query----
ENGINE_SPEED : 1183.5 RPM
----VEHICLE_SPEED Query----
VEHICLE_SPEED : 0 km/h
----INTAKE_AIR_TEMP Query----
INTAKE_AIR_TEMP : 43 °C
----RUN_TIME_SINCE_ENGINE_START Query----
RUN_TIME_SINCE_ENGINE_START : 29 seconds
----ENGINE_LOAD Query----
ENGINE_LOAD : 67.45098039215686 %
----ENGINE_COOLANT_TEMP Query----
ENGINE_COOLANT_TEMP : 88 °C
----ENGINE_SPEED Query----
ENGINE_SPEED : 1449.25 RPM
----VEHICLE_SPEED Query----
VEHICLE_SPEED : 0 km/h
----INTAKE_AIR_TEMP Query----
INTAKE_AIR_TEMP : 43 °C
----RUN_TIME_SINCE_ENGINE_START Query----
RUN_TIME_SINCE_ENGINE_START : 30 seconds
----ENGINE_LOAD Query----
ENGINE_LOAD : 60.78431372549019 %
----ENGINE_COOLANT_TEMP Query----
ENGINE_COOLANT_TEMP : 88 °C
----ENGINE_SPEED Query----
ENGINE_SPEED : 1527.25 RPM
----VEHICLE_SPEED Query----
VEHICLE_SPEED : 0 km/h
----INTAKE_AIR_TEMP Query----
INTAKE_AIR_TEMP : 43 °C
----RUN_TIME_SINCE_ENGINE_START Query----
RUN_TIME_SINCE_ENGINE_START : 30 seconds
----ENGINE_LOAD Query----
ENGINE_LOAD : 55.68627450980392 %
----ENGINE_COOLANT_TEMP Query----
ENGINE_COOLANT_TEMP : 88 °C
----ENGINE_SPEED Query----
ENGINE_SPEED : 1445.25 RPM
----VEHICLE_SPEED Query----
VEHICLE_SPEED : 3 km/h
----INTAKE_AIR_TEMP Query----
INTAKE_AIR_TEMP : 43 °C
----RUN_TIME_SINCE_ENGINE_START Query----
RUN_TIME_SINCE_ENGINE_START : 30 seconds
----ENGINE_LOAD Query----
ENGINE_LOAD : 52.15686274509804 %
----ENGINE_COOLANT_TEMP Query----
ENGINE_COOLANT_TEMP : 88 °C
----ENGINE_SPEED Query----
ENGINE_SPEED : 1293.0 RPM
----VEHICLE_SPEED Query----
VEHICLE_SPEED : 4 km/h
----INTAKE_AIR_TEMP Query----
INTAKE_AIR_TEMP : 43 °C
----RUN_TIME_SINCE_ENGINE_START Query----
RUN_TIME_SINCE_ENGINE_START : 31 seconds
----ENGINE_LOAD Query----
ENGINE_LOAD : 50.19607843137255 %
----ENGINE_COOLANT_TEMP Query----
ENGINE_COOLANT_TEMP : 88 °C
----ENGINE_SPEED Query----
ENGINE_SPEED : 1023.5 RPM
----VEHICLE_SPEED Query----
VEHICLE_SPEED : 4 km/h
----INTAKE_AIR_TEMP Query----
INTAKE_AIR_TEMP : 43 °C
----RUN_TIME_SINCE_ENGINE_START Query----
RUN_TIME_SINCE_ENGINE_START : 31 seconds
----ENGINE_LOAD Query----
ENGINE_LOAD : 53.72549019607843 %
----ENGINE_COOLANT_TEMP Query----
ENGINE_COOLANT_TEMP : 88 °C
----ENGINE_SPEED Query----
ENGINE_SPEED : 1011.75 RPM
----VEHICLE_SPEED Query----
VEHICLE_SPEED : 3 km/h
----INTAKE_AIR_TEMP Query----
INTAKE_AIR_TEMP : 43 °C
----RUN_TIME_SINCE_ENGINE_START Query----
RUN_TIME_SINCE_ENGINE_START : 31 seconds
----ENGINE_LOAD Query----
ENGINE_LOAD : 56.470588235294116 %
----ENGINE_COOLANT_TEMP Query----
ENGINE_COOLANT_TEMP : 88 °C
----ENGINE_SPEED Query----
ENGINE_SPEED : 1039.0 RPM
----VEHICLE_SPEED Query----
VEHICLE_SPEED : 3 km/h
----INTAKE_AIR_TEMP Query----
INTAKE_AIR_TEMP : 43 °C
----RUN_TIME_SINCE_ENGINE_START Query----
RUN_TIME_SINCE_ENGINE_START : 32 seconds
----ENGINE_LOAD Query----
ENGINE_LOAD : 56.07843137254902 %
----ENGINE_COOLANT_TEMP Query----
ENGINE_COOLANT_TEMP : 88 °C
----ENGINE_SPEED Query----
ENGINE_SPEED : 1054.75 RPM
----VEHICLE_SPEED Query----
VEHICLE_SPEED : 3 km/h
----INTAKE_AIR_TEMP Query----
INTAKE_AIR_TEMP : 43 °C
----RUN_TIME_SINCE_ENGINE_START Query----
RUN_TIME_SINCE_ENGINE_START : 32 seconds
----ENGINE_LOAD Query----
ENGINE_LOAD : 54.509803921568626 %
----ENGINE_COOLANT_TEMP Query----
ENGINE_COOLANT_TEMP : 88 °C
----ENGINE_SPEED Query----
ENGINE_SPEED : 1043.0 RPM
----VEHICLE_SPEED Query----
VEHICLE_SPEED : 3 km/h
----INTAKE_AIR_TEMP Query----
INTAKE_AIR_TEMP : 43 °C
----RUN_TIME_SINCE_ENGINE_START Query----
RUN_TIME_SINCE_ENGINE_START : 32 seconds
----ENGINE_LOAD Query----
ENGINE_LOAD : 54.11764705882353 %
----ENGINE_COOLANT_TEMP Query----
ENGINE_COOLANT_TEMP : 88 °C
----ENGINE_SPEED Query----
ENGINE_SPEED : 1039.0 RPM
----VEHICLE_SPEED Query----
VEHICLE_SPEED : 3 km/h
----INTAKE_AIR_TEMP Query----
INTAKE_AIR_TEMP : 43 °C
----RUN_TIME_SINCE_ENGINE_START Query----
RUN_TIME_SINCE_ENGINE_START : 33 seconds
----ENGINE_LOAD Query----
ENGINE_LOAD : 53.72549019607843 %
----ENGINE_COOLANT_TEMP Query----
ENGINE_COOLANT_TEMP : 89 °C
----ENGINE_SPEED Query----
ENGINE_SPEED : 1035.25 RPM
----VEHICLE_SPEED Query----
VEHICLE_SPEED : 3 km/h
----INTAKE_AIR_TEMP Query----
INTAKE_AIR_TEMP : 43 °C
----RUN_TIME_SINCE_ENGINE_START Query----
RUN_TIME_SINCE_ENGINE_START : 33 seconds
----ENGINE_LOAD Query----
ENGINE_LOAD : 54.11764705882353 %
----ENGINE_COOLANT_TEMP Query----
ENGINE_COOLANT_TEMP : 88 °C
----ENGINE_SPEED Query----
ENGINE_SPEED : 1039.0 RPM
----VEHICLE_SPEED Query----
VEHICLE_SPEED : 3 km/h
----INTAKE_AIR_TEMP Query----
INTAKE_AIR_TEMP : 43 °C
----RUN_TIME_SINCE_ENGINE_START Query----
RUN_TIME_SINCE_ENGINE_START : 33 seconds
----ENGINE_LOAD Query----
ENGINE_LOAD : 53.72549019607843 %
----ENGINE_COOLANT_TEMP Query----
ENGINE_COOLANT_TEMP : 89 °C
----ENGINE_SPEED Query----
ENGINE_SPEED : 1039.0 RPM
----VEHICLE_SPEED Query----
VEHICLE_SPEED : 3 km/h
----INTAKE_AIR_TEMP Query----
INTAKE_AIR_TEMP : 43 °C
----RUN_TIME_SINCE_ENGINE_START Query----
RUN_TIME_SINCE_ENGINE_START : 34 seconds
----ENGINE_LOAD Query----
ENGINE_LOAD : 53.72549019607843 %
----ENGINE_COOLANT_TEMP Query----
ENGINE_COOLANT_TEMP : 89 °C
----ENGINE_SPEED Query----
ENGINE_SPEED : 1027.25 RPM
----VEHICLE_SPEED Query----
VEHICLE_SPEED : 3 km/h
----INTAKE_AIR_TEMP Query----
INTAKE_AIR_TEMP : 43 °C
----RUN_TIME_SINCE_ENGINE_START Query----
RUN_TIME_SINCE_ENGINE_START : 34 seconds
----ENGINE_LOAD Query----
ENGINE_LOAD : 53.72549019607843 %
----ENGINE_COOLANT_TEMP Query----
ENGINE_COOLANT_TEMP : 89 °C
----ENGINE_SPEED Query----
ENGINE_SPEED : 1039.0 RPM
----VEHICLE_SPEED Query----
VEHICLE_SPEED : 3 km/h
----INTAKE_AIR_TEMP Query----
INTAKE_AIR_TEMP : 43 °C
----RUN_TIME_SINCE_ENGINE_START Query----
RUN_TIME_SINCE_ENGINE_START : 34 seconds
----ENGINE_LOAD Query----
ENGINE_LOAD : 49.80392156862745 %
----ENGINE_COOLANT_TEMP Query----
ENGINE_COOLANT_TEMP : 89 °C
----ENGINE_SPEED Query----
ENGINE_SPEED : 1035.25 RPM
----VEHICLE_SPEED Query----
VEHICLE_SPEED : 3 km/h
----INTAKE_AIR_TEMP Query----
INTAKE_AIR_TEMP : 43 °C
----RUN_TIME_SINCE_ENGINE_START Query----
RUN_TIME_SINCE_ENGINE_START : 35 seconds
----ENGINE_LOAD Query----
ENGINE_LOAD : 47.450980392156865 %
----ENGINE_COOLANT_TEMP Query----
ENGINE_COOLANT_TEMP : 89 °C
----ENGINE_SPEED Query----
ENGINE_SPEED : 882.75 RPM
----VEHICLE_SPEED Query----
VEHICLE_SPEED : 3 km/h
----INTAKE_AIR_TEMP Query----
INTAKE_AIR_TEMP : 43 °C
----RUN_TIME_SINCE_ENGINE_START Query----
RUN_TIME_SINCE_ENGINE_START : 35 seconds
----ENGINE_LOAD Query----
ENGINE_LOAD : 41.96078431372549 %
----ENGINE_COOLANT_TEMP Query----
ENGINE_COOLANT_TEMP : 89 °C
----ENGINE_SPEED Query----
ENGINE_SPEED : 980.5 RPM
----VEHICLE_SPEED Query----
VEHICLE_SPEED : 3 km/h
----INTAKE_AIR_TEMP Query----
INTAKE_AIR_TEMP : 43 °C
----RUN_TIME_SINCE_ENGINE_START Query----
RUN_TIME_SINCE_ENGINE_START : 35 seconds
----ENGINE_LOAD Query----
ENGINE_LOAD : 38.03921568627451 %
----ENGINE_COOLANT_TEMP Query----
ENGINE_COOLANT_TEMP : 89 °C
----ENGINE_SPEED Query----
ENGINE_SPEED : 980.5 RPM
----VEHICLE_SPEED Query----
VEHICLE_SPEED : 3 km/h
----INTAKE_AIR_TEMP Query----
INTAKE_AIR_TEMP : 43 °C
----RUN_TIME_SINCE_ENGINE_START Query----
RUN_TIME_SINCE_ENGINE_START : 36 seconds
----ENGINE_LOAD Query----
ENGINE_LOAD : 37.254901960784316 %
----ENGINE_COOLANT_TEMP Query----
ENGINE_COOLANT_TEMP : 89 °C
----ENGINE_SPEED Query----
ENGINE_SPEED : 937.5 RPM
----VEHICLE_SPEED Query----
VEHICLE_SPEED : 3 km/h
----INTAKE_AIR_TEMP Query----
INTAKE_AIR_TEMP : 43 °C
----RUN_TIME_SINCE_ENGINE_START Query----
RUN_TIME_SINCE_ENGINE_START : 36 seconds
----ENGINE_LOAD Query----
ENGINE_LOAD : 39.21568627450981 %
----ENGINE_COOLANT_TEMP Query----
ENGINE_COOLANT_TEMP : 89 °C
----ENGINE_SPEED Query----
ENGINE_SPEED : 902.25 RPM
----VEHICLE_SPEED Query----
VEHICLE_SPEED : 0 km/h
----INTAKE_AIR_TEMP Query----
INTAKE_AIR_TEMP : 43 °C
----RUN_TIME_SINCE_ENGINE_START Query----
RUN_TIME_SINCE_ENGINE_START : 36 seconds
----ENGINE_LOAD Query----
ENGINE_LOAD : 41.568627450980394 %
----ENGINE_COOLANT_TEMP Query----
ENGINE_COOLANT_TEMP : 89 °C
----ENGINE_SPEED Query----
ENGINE_SPEED : 957.0 RPM
----VEHICLE_SPEED Query----
VEHICLE_SPEED : 0 km/h
----INTAKE_AIR_TEMP Query----
INTAKE_AIR_TEMP : 43 °C
----RUN_TIME_SINCE_ENGINE_START Query----
RUN_TIME_SINCE_ENGINE_START : 37 seconds
----ENGINE_LOAD Query----
ENGINE_LOAD : 38.8235294117647 %
----ENGINE_COOLANT_TEMP Query----
ENGINE_COOLANT_TEMP : 89 °C
----ENGINE_SPEED Query----
ENGINE_SPEED : 1011.75 RPM
----VEHICLE_SPEED Query----
VEHICLE_SPEED : 0 km/h
----INTAKE_AIR_TEMP Query----
INTAKE_AIR_TEMP : 43 °C
----RUN_TIME_SINCE_ENGINE_START Query----
RUN_TIME_SINCE_ENGINE_START : 37 seconds
----ENGINE_LOAD Query----
ENGINE_LOAD : 37.254901960784316 %
----ENGINE_COOLANT_TEMP Query----
ENGINE_COOLANT_TEMP : 89 °C
----ENGINE_SPEED Query----
ENGINE_SPEED : 1074.25 RPM
----VEHICLE_SPEED Query----
VEHICLE_SPEED : 0 km/h
----INTAKE_AIR_TEMP Query----
INTAKE_AIR_TEMP : 43 °C
----RUN_TIME_SINCE_ENGINE_START Query----
RUN_TIME_SINCE_ENGINE_START : 37 seconds
----ENGINE_LOAD Query----
ENGINE_LOAD : 35.68627450980392 %
----ENGINE_COOLANT_TEMP Query----
ENGINE_COOLANT_TEMP : 89 °C
----ENGINE_SPEED Query----
ENGINE_SPEED : 1047.0 RPM
----VEHICLE_SPEED Query----
VEHICLE_SPEED : 0 km/h
----INTAKE_AIR_TEMP Query----
INTAKE_AIR_TEMP : 43 °C
----RUN_TIME_SINCE_ENGINE_START Query----
RUN_TIME_SINCE_ENGINE_START : 38 seconds
----ENGINE_LOAD Query----
ENGINE_LOAD : 38.8235294117647 %
----ENGINE_COOLANT_TEMP Query----
ENGINE_COOLANT_TEMP : 89 °C
----ENGINE_SPEED Query----
ENGINE_SPEED : 984.5 RPM
----VEHICLE_SPEED Query----
VEHICLE_SPEED : 0 km/h
----INTAKE_AIR_TEMP Query----
INTAKE_AIR_TEMP : 43 °C
----RUN_TIME_SINCE_ENGINE_START Query----
RUN_TIME_SINCE_ENGINE_START : 38 seconds
----ENGINE_LOAD Query----
ENGINE_LOAD : 48.23529411764706 %
----ENGINE_COOLANT_TEMP Query----
ENGINE_COOLANT_TEMP : 89 °C
----ENGINE_SPEED Query----
ENGINE_SPEED : 1183.5 RPM
----VEHICLE_SPEED Query----
VEHICLE_SPEED : 0 km/h
----INTAKE_AIR_TEMP Query----
INTAKE_AIR_TEMP : 43 °C
----RUN_TIME_SINCE_ENGINE_START Query----
RUN_TIME_SINCE_ENGINE_START : 38 seconds
----ENGINE_LOAD Query----
ENGINE_LOAD : 49.80392156862745 %
----ENGINE_COOLANT_TEMP Query----
ENGINE_COOLANT_TEMP : 89 °C
----ENGINE_SPEED Query----
ENGINE_SPEED : 1488.25 RPM
----VEHICLE_SPEED Query----
VEHICLE_SPEED : 3 km/h
----INTAKE_AIR_TEMP Query----
INTAKE_AIR_TEMP : 43 °C
----RUN_TIME_SINCE_ENGINE_START Query----
RUN_TIME_SINCE_ENGINE_START : 39 seconds
----ENGINE_LOAD Query----
ENGINE_LOAD : 37.64705882352941 %
----ENGINE_COOLANT_TEMP Query----
ENGINE_COOLANT_TEMP : 89 °C
----ENGINE_SPEED Query----
ENGINE_SPEED : 1433.5 RPM
----VEHICLE_SPEED Query----
VEHICLE_SPEED : 4 km/h
----INTAKE_AIR_TEMP Query----
INTAKE_AIR_TEMP : 43 °C
----RUN_TIME_SINCE_ENGINE_START Query----
RUN_TIME_SINCE_ENGINE_START : 39 seconds
----ENGINE_LOAD Query----
ENGINE_LOAD : 29.80392156862745 %
----ENGINE_COOLANT_TEMP Query----
ENGINE_COOLANT_TEMP : 89 °C
----ENGINE_SPEED Query----
ENGINE_SPEED : 1226.5 RPM
----VEHICLE_SPEED Query----
VEHICLE_SPEED : 4 km/h
----INTAKE_AIR_TEMP Query----
INTAKE_AIR_TEMP : 43 °C
----RUN_TIME_SINCE_ENGINE_START Query----
RUN_TIME_SINCE_ENGINE_START : 40 seconds
----ENGINE_LOAD Query----
ENGINE_LOAD : 29.019607843137255 %
----ENGINE_COOLANT_TEMP Query----
ENGINE_COOLANT_TEMP : 90 °C
----ENGINE_SPEED Query----
ENGINE_SPEED : 1058.5 RPM
----VEHICLE_SPEED Query----
VEHICLE_SPEED : 5 km/h
----INTAKE_AIR_TEMP Query----
INTAKE_AIR_TEMP : 43 °C
----RUN_TIME_SINCE_ENGINE_START Query----
RUN_TIME_SINCE_ENGINE_START : 40 seconds
----ENGINE_LOAD Query----
ENGINE_LOAD : 28.627450980392158 %
----ENGINE_COOLANT_TEMP Query----
ENGINE_COOLANT_TEMP : 90 °C
----ENGINE_SPEED Query----
ENGINE_SPEED : 1023.5 RPM
----VEHICLE_SPEED Query----
VEHICLE_SPEED : 5 km/h
----INTAKE_AIR_TEMP Query----
INTAKE_AIR_TEMP : 43 °C
----RUN_TIME_SINCE_ENGINE_START Query----
RUN_TIME_SINCE_ENGINE_START : 40 seconds
----ENGINE_LOAD Query----
ENGINE_LOAD : 29.80392156862745 %
----ENGINE_COOLANT_TEMP Query----
ENGINE_COOLANT_TEMP : 90 °C
----ENGINE_SPEED Query----
ENGINE_SPEED : 996.0 RPM
----VEHICLE_SPEED Query----
VEHICLE_SPEED : 5 km/h
----INTAKE_AIR_TEMP Query----
INTAKE_AIR_TEMP : 43 °C
----RUN_TIME_SINCE_ENGINE_START Query----
RUN_TIME_SINCE_ENGINE_START : 41 seconds
----ENGINE_LOAD Query----
ENGINE_LOAD : 37.64705882352941 %
----ENGINE_COOLANT_TEMP Query----
ENGINE_COOLANT_TEMP : 90 °C
----ENGINE_SPEED Query----
ENGINE_SPEED : 933.5 RPM
----VEHICLE_SPEED Query----
VEHICLE_SPEED : 4 km/h
----INTAKE_AIR_TEMP Query----
INTAKE_AIR_TEMP : 43 °C
----RUN_TIME_SINCE_ENGINE_START Query----
RUN_TIME_SINCE_ENGINE_START : 41 seconds
----ENGINE_LOAD Query----
ENGINE_LOAD : 36.07843137254902 %
----ENGINE_COOLANT_TEMP Query----
ENGINE_COOLANT_TEMP : 90 °C
----ENGINE_SPEED Query----
ENGINE_SPEED : 988.25 RPM
----VEHICLE_SPEED Query----
VEHICLE_SPEED : 0 km/h
----INTAKE_AIR_TEMP Query----
INTAKE_AIR_TEMP : 43 °C
----RUN_TIME_SINCE_ENGINE_START Query----
RUN_TIME_SINCE_ENGINE_START : 41 seconds
----ENGINE_LOAD Query----
ENGINE_LOAD : 36.07843137254902 %
----ENGINE_COOLANT_TEMP Query----
ENGINE_COOLANT_TEMP : 90 °C
----ENGINE_SPEED Query----
ENGINE_SPEED : 922.0 RPM
----VEHICLE_SPEED Query----
VEHICLE_SPEED : 0 km/h
----INTAKE_AIR_TEMP Query----
INTAKE_AIR_TEMP : 43 °C
----RUN_TIME_SINCE_ENGINE_START Query----
RUN_TIME_SINCE_ENGINE_START : 42 seconds
----ENGINE_LOAD Query----
ENGINE_LOAD : 38.03921568627451 %
----ENGINE_COOLANT_TEMP Query----
ENGINE_COOLANT_TEMP : 90 °C
----ENGINE_SPEED Query----
ENGINE_SPEED : 863.25 RPM
----VEHICLE_SPEED Query----
VEHICLE_SPEED : 0 km/h
----INTAKE_AIR_TEMP Query----
INTAKE_AIR_TEMP : 43 °C
----RUN_TIME_SINCE_ENGINE_START Query----
RUN_TIME_SINCE_ENGINE_START : 42 seconds
----ENGINE_LOAD Query----
ENGINE_LOAD : 41.96078431372549 %
----ENGINE_COOLANT_TEMP Query----
ENGINE_COOLANT_TEMP : 90 °C
----ENGINE_SPEED Query----
ENGINE_SPEED : 945.25 RPM
----VEHICLE_SPEED Query----
VEHICLE_SPEED : 0 km/h
----INTAKE_AIR_TEMP Query----
INTAKE_AIR_TEMP : 43 °C
----RUN_TIME_SINCE_ENGINE_START Query----
RUN_TIME_SINCE_ENGINE_START : 42 seconds
----ENGINE_LOAD Query----
ENGINE_LOAD : 39.21568627450981 %
----ENGINE_COOLANT_TEMP Query----
ENGINE_COOLANT_TEMP : 90 °C
----ENGINE_SPEED Query----
ENGINE_SPEED : 1019.5 RPM
----VEHICLE_SPEED Query----
VEHICLE_SPEED : 0 km/h
----INTAKE_AIR_TEMP Query----
INTAKE_AIR_TEMP : 43 °C
----RUN_TIME_SINCE_ENGINE_START Query----
RUN_TIME_SINCE_ENGINE_START : 43 seconds
----ENGINE_LOAD Query----
ENGINE_LOAD : 50.98039215686274 %
----ENGINE_COOLANT_TEMP Query----
ENGINE_COOLANT_TEMP : 90 °C
----ENGINE_SPEED Query----
ENGINE_SPEED : 1211.0 RPM
----VEHICLE_SPEED Query----
VEHICLE_SPEED : 0 km/h
----INTAKE_AIR_TEMP Query----
INTAKE_AIR_TEMP : 43 °C
----RUN_TIME_SINCE_ENGINE_START Query----
RUN_TIME_SINCE_ENGINE_START : 43 seconds
----ENGINE_LOAD Query----
ENGINE_LOAD : 52.94117647058823 %
----ENGINE_COOLANT_TEMP Query----
ENGINE_COOLANT_TEMP : 90 °C
----ENGINE_SPEED Query----
ENGINE_SPEED : 1488.25 RPM
----VEHICLE_SPEED Query----
VEHICLE_SPEED : 0 km/h
----INTAKE_AIR_TEMP Query----
INTAKE_AIR_TEMP : 43 °C
----RUN_TIME_SINCE_ENGINE_START Query----
RUN_TIME_SINCE_ENGINE_START : 43 seconds
----ENGINE_LOAD Query----
ENGINE_LOAD : 46.27450980392157 %
----ENGINE_COOLANT_TEMP Query----
ENGINE_COOLANT_TEMP : 90 °C
----ENGINE_SPEED Query----
ENGINE_SPEED : 1500.0 RPM
----VEHICLE_SPEED Query----
VEHICLE_SPEED : 3 km/h
----INTAKE_AIR_TEMP Query----
INTAKE_AIR_TEMP : 43 °C
----RUN_TIME_SINCE_ENGINE_START Query----
RUN_TIME_SINCE_ENGINE_START : 43 seconds
----ENGINE_LOAD Query----
ENGINE_LOAD : 42.745098039215684 %
----ENGINE_COOLANT_TEMP Query----
ENGINE_COOLANT_TEMP : 90 °C
----ENGINE_SPEED Query----
ENGINE_SPEED : 1433.5 RPM
----VEHICLE_SPEED Query----
VEHICLE_SPEED : 3 km/h
----INTAKE_AIR_TEMP Query----
INTAKE_AIR_TEMP : 43 °C
----RUN_TIME_SINCE_ENGINE_START Query----
RUN_TIME_SINCE_ENGINE_START : 44 seconds
----ENGINE_LOAD Query----
ENGINE_LOAD : 40.78431372549019 %
----ENGINE_COOLANT_TEMP Query----
ENGINE_COOLANT_TEMP : 90 °C
----ENGINE_SPEED Query----
ENGINE_SPEED : 1230.5 RPM
----VEHICLE_SPEED Query----
VEHICLE_SPEED : 3 km/h
----INTAKE_AIR_TEMP Query----
INTAKE_AIR_TEMP : 43 °C
----RUN_TIME_SINCE_ENGINE_START Query----
RUN_TIME_SINCE_ENGINE_START : 44 seconds
----ENGINE_LOAD Query----
ENGINE_LOAD : 37.254901960784316 %
----ENGINE_COOLANT_TEMP Query----
ENGINE_COOLANT_TEMP : 90 °C
----ENGINE_SPEED Query----
ENGINE_SPEED : 1043.0 RPM
----VEHICLE_SPEED Query----
VEHICLE_SPEED : 3 km/h
----INTAKE_AIR_TEMP Query----
INTAKE_AIR_TEMP : 43 °C
----RUN_TIME_SINCE_ENGINE_START Query----
RUN_TIME_SINCE_ENGINE_START : 44 seconds
----ENGINE_LOAD Query----
ENGINE_LOAD : 37.64705882352941 %
----ENGINE_COOLANT_TEMP Query----
ENGINE_COOLANT_TEMP : 90 °C
----ENGINE_SPEED Query----
ENGINE_SPEED : 898.5 RPM
----VEHICLE_SPEED Query----
VEHICLE_SPEED : 3 km/h
----INTAKE_AIR_TEMP Query----
INTAKE_AIR_TEMP : 43 °C
----RUN_TIME_SINCE_ENGINE_START Query----
RUN_TIME_SINCE_ENGINE_START : 45 seconds
----ENGINE_LOAD Query----
ENGINE_LOAD : 41.96078431372549 %
----ENGINE_COOLANT_TEMP Query----
ENGINE_COOLANT_TEMP : 90 °C
----ENGINE_SPEED Query----
ENGINE_SPEED : 847.75 RPM
----VEHICLE_SPEED Query----
VEHICLE_SPEED : 3 km/h
----INTAKE_AIR_TEMP Query----
INTAKE_AIR_TEMP : 43 °C
----RUN_TIME_SINCE_ENGINE_START Query----
RUN_TIME_SINCE_ENGINE_START : 45 seconds
----ENGINE_LOAD Query----
ENGINE_LOAD : 43.529411764705884 %
----ENGINE_COOLANT_TEMP Query----
ENGINE_COOLANT_TEMP : 90 °C
----ENGINE_SPEED Query----
ENGINE_SPEED : 847.75 RPM
----VEHICLE_SPEED Query----
VEHICLE_SPEED : 3 km/h
----INTAKE_AIR_TEMP Query----
INTAKE_AIR_TEMP : 43 °C
----RUN_TIME_SINCE_ENGINE_START Query----
RUN_TIME_SINCE_ENGINE_START : 45 seconds
----ENGINE_LOAD Query----
ENGINE_LOAD : 43.92156862745098 %
----ENGINE_COOLANT_TEMP Query----
ENGINE_COOLANT_TEMP : 90 °C
----ENGINE_SPEED Query----
ENGINE_SPEED : 867.25 RPM
----VEHICLE_SPEED Query----
VEHICLE_SPEED : 0 km/h
----INTAKE_AIR_TEMP Query----
INTAKE_AIR_TEMP : 43 °C
----RUN_TIME_SINCE_ENGINE_START Query----
RUN_TIME_SINCE_ENGINE_START : 46 seconds
----ENGINE_LOAD Query----
ENGINE_LOAD : 42.35294117647059 %
----ENGINE_COOLANT_TEMP Query----
ENGINE_COOLANT_TEMP : 90 °C
----ENGINE_SPEED Query----
ENGINE_SPEED : 1011.75 RPM
----VEHICLE_SPEED Query----
VEHICLE_SPEED : 3 km/h
----INTAKE_AIR_TEMP Query----
INTAKE_AIR_TEMP : 43 °C
----RUN_TIME_SINCE_ENGINE_START Query----
RUN_TIME_SINCE_ENGINE_START : 46 seconds
----ENGINE_LOAD Query----
ENGINE_LOAD : 39.6078431372549 %
----ENGINE_COOLANT_TEMP Query----
ENGINE_COOLANT_TEMP : 90 °C
----ENGINE_SPEED Query----
ENGINE_SPEED : 1078.25 RPM
----VEHICLE_SPEED Query----
VEHICLE_SPEED : 3 km/h
----INTAKE_AIR_TEMP Query----
INTAKE_AIR_TEMP : 43 °C
----RUN_TIME_SINCE_ENGINE_START Query----
RUN_TIME_SINCE_ENGINE_START : 46 seconds
----ENGINE_LOAD Query----
ENGINE_LOAD : 34.11764705882353 %
----ENGINE_COOLANT_TEMP Query----
ENGINE_COOLANT_TEMP : 90 °C
----ENGINE_SPEED Query----
ENGINE_SPEED : 968.75 RPM
----VEHICLE_SPEED Query----
VEHICLE_SPEED : 3 km/h
----INTAKE_AIR_TEMP Query----
INTAKE_AIR_TEMP : 43 °C
----RUN_TIME_SINCE_ENGINE_START Query----
RUN_TIME_SINCE_ENGINE_START : 47 seconds
----ENGINE_LOAD Query----
ENGINE_LOAD : 36.470588235294116 %
----ENGINE_COOLANT_TEMP Query----
ENGINE_COOLANT_TEMP : 90 °C
----ENGINE_SPEED Query----
ENGINE_SPEED : 906.25 RPM
----VEHICLE_SPEED Query----
VEHICLE_SPEED : 3 km/h
----INTAKE_AIR_TEMP Query----
INTAKE_AIR_TEMP : 43 °C
----RUN_TIME_SINCE_ENGINE_START Query----
RUN_TIME_SINCE_ENGINE_START : 47 seconds
----ENGINE_LOAD Query----
ENGINE_LOAD : 40.78431372549019 %
----ENGINE_COOLANT_TEMP Query----
ENGINE_COOLANT_TEMP : 90 °C
----ENGINE_SPEED Query----
ENGINE_SPEED : 851.5 RPM
----VEHICLE_SPEED Query----
VEHICLE_SPEED : 0 km/h
----INTAKE_AIR_TEMP Query----
INTAKE_AIR_TEMP : 43 °C
----RUN_TIME_SINCE_ENGINE_START Query----
RUN_TIME_SINCE_ENGINE_START : 47 seconds
----ENGINE_LOAD Query----
ENGINE_LOAD : 43.529411764705884 %
----ENGINE_COOLANT_TEMP Query----
ENGINE_COOLANT_TEMP : 90 °C
----ENGINE_SPEED Query----
ENGINE_SPEED : 871.0 RPM
----VEHICLE_SPEED Query----
VEHICLE_SPEED : 0 km/h
----INTAKE_AIR_TEMP Query----
INTAKE_AIR_TEMP : 43 °C
----RUN_TIME_SINCE_ENGINE_START Query----
RUN_TIME_SINCE_ENGINE_START : 48 seconds
----ENGINE_LOAD Query----
ENGINE_LOAD : 43.529411764705884 %
----ENGINE_COOLANT_TEMP Query----
ENGINE_COOLANT_TEMP : 90 °C
----ENGINE_SPEED Query----
ENGINE_SPEED : 894.5 RPM
----VEHICLE_SPEED Query----
VEHICLE_SPEED : 0 km/h
----INTAKE_AIR_TEMP Query----
INTAKE_AIR_TEMP : 43 °C
----RUN_TIME_SINCE_ENGINE_START Query----
RUN_TIME_SINCE_ENGINE_START : 48 seconds
----ENGINE_LOAD Query----
ENGINE_LOAD : 40.78431372549019 %
----ENGINE_COOLANT_TEMP Query----
ENGINE_COOLANT_TEMP : 90 °C
----ENGINE_SPEED Query----
ENGINE_SPEED : 906.25 RPM
----VEHICLE_SPEED Query----
VEHICLE_SPEED : 0 km/h
----INTAKE_AIR_TEMP Query----
INTAKE_AIR_TEMP : 43 °C
----RUN_TIME_SINCE_ENGINE_START Query----
RUN_TIME_SINCE_ENGINE_START : 49 seconds
----ENGINE_LOAD Query----
ENGINE_LOAD : 40.0 %
----ENGINE_COOLANT_TEMP Query----
ENGINE_COOLANT_TEMP : 90 °C
----ENGINE_SPEED Query----
ENGINE_SPEED : 898.5 RPM
----VEHICLE_SPEED Query----
VEHICLE_SPEED : 0 km/h
----INTAKE_AIR_TEMP Query----
INTAKE_AIR_TEMP : 43 °C
----RUN_TIME_SINCE_ENGINE_START Query----
RUN_TIME_SINCE_ENGINE_START : 49 seconds
----ENGINE_LOAD Query----
ENGINE_LOAD : 49.80392156862745 %
----ENGINE_COOLANT_TEMP Query----
ENGINE_COOLANT_TEMP : 90 °C
----ENGINE_SPEED Query----
ENGINE_SPEED : 976.5 RPM
----VEHICLE_SPEED Query----
VEHICLE_SPEED : 0 km/h
----INTAKE_AIR_TEMP Query----
INTAKE_AIR_TEMP : 43 °C
----RUN_TIME_SINCE_ENGINE_START Query----
RUN_TIME_SINCE_ENGINE_START : 49 seconds
----ENGINE_LOAD Query----
ENGINE_LOAD : 50.588235294117645 %
----ENGINE_COOLANT_TEMP Query----
ENGINE_COOLANT_TEMP : 90 °C
----ENGINE_SPEED Query----
ENGINE_SPEED : 1070.25 RPM
----VEHICLE_SPEED Query----
VEHICLE_SPEED : 0 km/h
----INTAKE_AIR_TEMP Query----
INTAKE_AIR_TEMP : 43 °C
----RUN_TIME_SINCE_ENGINE_START Query----
RUN_TIME_SINCE_ENGINE_START : 50 seconds
----ENGINE_LOAD Query----
ENGINE_LOAD : 50.98039215686274 %
----ENGINE_COOLANT_TEMP Query----
ENGINE_COOLANT_TEMP : 90 °C
----ENGINE_SPEED Query----
ENGINE_SPEED : 992.25 RPM
----VEHICLE_SPEED Query----
VEHICLE_SPEED : 0 km/h
----INTAKE_AIR_TEMP Query----
INTAKE_AIR_TEMP : 43 °C
----RUN_TIME_SINCE_ENGINE_START Query----
RUN_TIME_SINCE_ENGINE_START : 50 seconds
----ENGINE_LOAD Query----
ENGINE_LOAD : 56.07843137254902 %
----ENGINE_COOLANT_TEMP Query----
ENGINE_COOLANT_TEMP : 90 °C
----ENGINE_SPEED Query----
ENGINE_SPEED : 980.5 RPM
----VEHICLE_SPEED Query----
VEHICLE_SPEED : 0 km/h
----INTAKE_AIR_TEMP Query----
INTAKE_AIR_TEMP : 43 °C
----RUN_TIME_SINCE_ENGINE_START Query----
RUN_TIME_SINCE_ENGINE_START : 50 seconds
----ENGINE_LOAD Query----
ENGINE_LOAD : 54.509803921568626 %
----ENGINE_COOLANT_TEMP Query----
ENGINE_COOLANT_TEMP : 90 °C
----ENGINE_SPEED Query----
ENGINE_SPEED : 1023.5 RPM
----VEHICLE_SPEED Query----
VEHICLE_SPEED : 0 km/h
----INTAKE_AIR_TEMP Query----
INTAKE_AIR_TEMP : 43 °C
----RUN_TIME_SINCE_ENGINE_START Query----
RUN_TIME_SINCE_ENGINE_START : 50 seconds
----ENGINE_LOAD Query----
ENGINE_LOAD : 47.450980392156865 %
----ENGINE_COOLANT_TEMP Query----
ENGINE_COOLANT_TEMP : 90 °C
----ENGINE_SPEED Query----
ENGINE_SPEED : 1007.75 RPM
----VEHICLE_SPEED Query----
VEHICLE_SPEED : 0 km/h
----INTAKE_AIR_TEMP Query----
INTAKE_AIR_TEMP : 43 °C
----RUN_TIME_SINCE_ENGINE_START Query----
RUN_TIME_SINCE_ENGINE_START : 51 seconds
----ENGINE_LOAD Query----
ENGINE_LOAD : 50.19607843137255 %
----ENGINE_COOLANT_TEMP Query----
ENGINE_COOLANT_TEMP : 90 °C
----ENGINE_SPEED Query----
----Query Error----
The value by ENGINE_SPEED was not returned
----VEHICLE_SPEED Query----
----Query Error----
The value by VEHICLE_SPEED was not returned
----INTAKE_AIR_TEMP Query----
----Query Error----
The value by INTAKE_AIR_TEMP was not returned
----RUN_TIME_SINCE_ENGINE_START Query----
----Query Error----
The value by RUN_TIME_SINCE_ENGINE_START was not returned
----ENGINE_LOAD Query----
----Query Error----
The value by ENGINE_LOAD was not returned
----ENGINE_COOLANT_TEMP Query----
----Query Error----
The value by ENGINE_COOLANT_TEMP was not returned
----ENGINE_SPEED Query----
----Query Error----
The value by ENGINE_SPEED was not returned
----VEHICLE_SPEED Query----
----Query Error----
The value by VEHICLE_SPEED was not returned
----INTAKE_AIR_TEMP Query----
----Query Error----
The value by INTAKE_AIR_TEMP was not returned
----RUN_TIME_SINCE_ENGINE_START Query----
----Query Error----
The value by RUN_TIME_SINCE_ENGINE_START was not returned
----ENGINE_LOAD Query----
----Query Error----
The value by ENGINE_LOAD was not returned
----ENGINE_COOLANT_TEMP Query----
----Query Error----
The value by ENGINE_COOLANT_TEMP was not returned
----ENGINE_SPEED Query----
----Query Error----
The value by ENGINE_SPEED was not returned
----VEHICLE_SPEED Query----
----Query Error----
The value by VEHICLE_SPEED was not returned
----INTAKE_AIR_TEMP Query----
----Query Error----
The value by INTAKE_AIR_TEMP was not returned
----RUN_TIME_SINCE_ENGINE_START Query----
----Query Error----
The value by RUN_TIME_SINCE_ENGINE_START was not returned
----ENGINE_LOAD Query----
----Query Error----
The value by ENGINE_LOAD was not returned
----ENGINE_COOLANT_TEMP Query----
----Query Error----
The value by ENGINE_COOLANT_TEMP was not returned
----ENGINE_SPEED Query----
----Query Error----
The value by ENGINE_SPEED was not returned
----VEHICLE_SPEED Query----
----Query Error----
The value by VEHICLE_SPEED was not returned
----INTAKE_AIR_TEMP Query----
----Query Error----
The value by INTAKE_AIR_TEMP was not returned
----RUN_TIME_SINCE_ENGINE_START Query----
----Query Error----
The value by RUN_TIME_SINCE_ENGINE_START was not returned
----ENGINE_LOAD Query----
----Query Error----
The value by ENGINE_LOAD was not returned
----ENGINE_COOLANT_TEMP Query----
----Query Error----
The value by ENGINE_COOLANT_TEMP was not returned
----ENGINE_SPEED Query----
----Query Error----
The value by ENGINE_SPEED was not returned
----VEHICLE_SPEED Query----
----Query Error----
The value by VEHICLE_SPEED was not returned
----INTAKE_AIR_TEMP Query----
----Query Error----
The value by INTAKE_AIR_TEMP was not returned
----RUN_TIME_SINCE_ENGINE_START Query----
----Query Error----
The value by RUN_TIME_SINCE_ENGINE_START was not returned
----ENGINE_LOAD Query----
----Query Error----
The value by ENGINE_LOAD was not returned
----ENGINE_COOLANT_TEMP Query----
----Query Error----
The value by ENGINE_COOLANT_TEMP was not returned
----ENGINE_SPEED Query----
----Query Error----
The value by ENGINE_SPEED was not returned
----VEHICLE_SPEED Query----
----Query Error----
The value by VEHICLE_SPEED was not returned
----INTAKE_AIR_TEMP Query----
----Query Error----
The value by INTAKE_AIR_TEMP was not returned
----RUN_TIME_SINCE_ENGINE_START Query----
----Query Error----
The value by RUN_TIME_SINCE_ENGINE_START was not returned
----ENGINE_LOAD Query----
----Query Error----
The value by ENGINE_LOAD was not returned
----ENGINE_COOLANT_TEMP Query----
----Query Error----
The value by ENGINE_COOLANT_TEMP was not returned
----ENGINE_SPEED Query----
----Query Error----
The value by ENGINE_SPEED was not returned
----VEHICLE_SPEED Query----
----Query Error----
The value by VEHICLE_SPEED was not returned
----INTAKE_AIR_TEMP Query----
----Query Error----
The value by INTAKE_AIR_TEMP was not returned
----RUN_TIME_SINCE_ENGINE_START Query----
----Query Error----
The value by RUN_TIME_SINCE_ENGINE_START was not returned
----ENGINE_LOAD Query----
----Query Error----
The value by ENGINE_LOAD was not returned
----ENGINE_COOLANT_TEMP Query----
----Query Error----
The value by ENGINE_COOLANT_TEMP was not returned
----ENGINE_SPEED Query----
----Query Error----
The value by ENGINE_SPEED was not returned
----VEHICLE_SPEED Query----
----Query Error----
The value by VEHICLE_SPEED was not returned
----INTAKE_AIR_TEMP Query----
----Query Error----
The value by INTAKE_AIR_TEMP was not returned
----RUN_TIME_SINCE_ENGINE_START Query----
----Query Error----
The value by RUN_TIME_SINCE_ENGINE_START was not returned
----ENGINE_LOAD Query----
----Query Error----
The value by ENGINE_LOAD was not returned
----ENGINE_COOLANT_TEMP Query----
----Query Error----
The value by ENGINE_COOLANT_TEMP was not returned
----ENGINE_SPEED Query----
----Query Error----
The value by ENGINE_SPEED was not returned
----VEHICLE_SPEED Query----
----Query Error----
The value by VEHICLE_SPEED was not returned
----INTAKE_AIR_TEMP Query----
----Query Error----
The value by INTAKE_AIR_TEMP was not returned
----RUN_TIME_SINCE_ENGINE_START Query----
----Query Error----
The value by RUN_TIME_SINCE_ENGINE_START was not returned
----ENGINE_LOAD Query----
----Query Error----
The value by ENGINE_LOAD was not returned
----ENGINE_COOLANT_TEMP Query----
----Query Error----
The value by ENGINE_COOLANT_TEMP was not returned
----ENGINE_SPEED Query----
----Query Error----
The value by ENGINE_SPEED was not returned
----VEHICLE_SPEED Query----
----Query Error----
The value by VEHICLE_SPEED was not returned
----INTAKE_AIR_TEMP Query----
----Query Error----
The value by INTAKE_AIR_TEMP was not returned
----RUN_TIME_SINCE_ENGINE_START Query----
----Query Error----
The value by RUN_TIME_SINCE_ENGINE_START was not returned
----ENGINE_LOAD Query----
----Query Error----
The value by ENGINE_LOAD was not returned
----ENGINE_COOLANT_TEMP Query----
----Query Error----
The value by ENGINE_COOLANT_TEMP was not returned
----ENGINE_SPEED Query----
----Query Error----
The value by ENGINE_SPEED was not returned
----VEHICLE_SPEED Query----
----Query Error----
The value by VEHICLE_SPEED was not returned
----INTAKE_AIR_TEMP Query----
----Query Error----
The value by INTAKE_AIR_TEMP was not returned
----RUN_TIME_SINCE_ENGINE_START Query----
----Query Error----
The value by RUN_TIME_SINCE_ENGINE_START was not returned
----ENGINE_LOAD Query----
----Query Error----
The value by ENGINE_LOAD was not returned
----ENGINE_COOLANT_TEMP Query----
----Query Error----
The value by ENGINE_COOLANT_TEMP was not returned
----ENGINE_SPEED Query----
----Query Error----
The value by ENGINE_SPEED was not returned
----VEHICLE_SPEED Query----
----Query Error----
The value by VEHICLE_SPEED was not returned
----INTAKE_AIR_TEMP Query----
----Query Error----
The value by INTAKE_AIR_TEMP was not returned
----RUN_TIME_SINCE_ENGINE_START Query----
----Query Error----
The value by RUN_TIME_SINCE_ENGINE_START was not returned
----ENGINE_LOAD Query----
----Query Error----
The value by ENGINE_LOAD was not returned
----ENGINE_COOLANT_TEMP Query----
----Query Error----
The value by ENGINE_COOLANT_TEMP was not returned
----ENGINE_SPEED Query----
----Query Error----
The value by ENGINE_SPEED was not returned
----VEHICLE_SPEED Query----
----Query Error----
The value by VEHICLE_SPEED was not returned
----INTAKE_AIR_TEMP Query----
----Query Error----
The value by INTAKE_AIR_TEMP was not returned
----RUN_TIME_SINCE_ENGINE_START Query----
----Query Error----
The value by RUN_TIME_SINCE_ENGINE_START was not returned
----ENGINE_LOAD Query----
----Query Error----
The value by ENGINE_LOAD was not returned
----ENGINE_COOLANT_TEMP Query----
----Query Error----
The value by ENGINE_COOLANT_TEMP was not returned
----ENGINE_SPEED Query----
----Query Error----
The value by ENGINE_SPEED was not returned
----VEHICLE_SPEED Query----
----Query Error----
The value by VEHICLE_SPEED was not returned
----INTAKE_AIR_TEMP Query----
----Query Error----
The value by INTAKE_AIR_TEMP was not returned
----RUN_TIME_SINCE_ENGINE_START Query----
----Query Error----
The value by RUN_TIME_SINCE_ENGINE_START was not returned
----ENGINE_LOAD Query----
----Query Error----
The value by ENGINE_LOAD was not returned
----ENGINE_COOLANT_TEMP Query----
----Query Error----
The value by ENGINE_COOLANT_TEMP was not returned
----ENGINE_SPEED Query----
----Query Error----
The value by ENGINE_SPEED was not returned
----VEHICLE_SPEED Query----
----Query Error----
The value by VEHICLE_SPEED was not returned
----INTAKE_AIR_TEMP Query----
----Query Error----
The value by INTAKE_AIR_TEMP was not returned
----RUN_TIME_SINCE_ENGINE_START Query----
----Query Error----
The value by RUN_TIME_SINCE_ENGINE_START was not returned
----ENGINE_LOAD Query----
----Query Error----
The value by ENGINE_LOAD was not returned
----ENGINE_COOLANT_TEMP Query----
----Query Error----
The value by ENGINE_COOLANT_TEMP was not returned
----Clean UP----
